<?xml version="1.0" encoding="UTF-8"?>
<testsuite xmlns:xsi="http://www.w3.org/2001/XMLSchema-instance" xsi:noNamespaceSchemaLocation="https://maven.apache.org/surefire/maven-surefire-plugin/xsd/surefire-test-report-3.0.xsd" version="3.0" name="TestSuite" time="10.434" tests="2" errors="0" skipped="0" failures="1">
  <properties>
[...]
</properties>
  <testcase name="print" classname="com.linkedin.testcases.TC_logintest" time="0.003"/>
  <testcase name="fail" classname="com.linkedin.testcases.TC_logintest" time="0.011">
    <failure message="expected [2] but found [1]" type="java.lang.AssertionError"><![CDATA[java.lang.AssertionError: expected [2] but found [1]
	at com.linkedin.testcases.TC_logintest.fail(TC_logintest.java:35)
]]></failure>
    <system-out><![CDATA[Test started
To check failed test cases
Test Failed
]]></system-out>
  </testcase>
</testsuite>