-------------------------------------------------------------------------------
Test set: TestSuite
-------------------------------------------------------------------------------
Tests run: 2, Failures: 1, Errors: 0, Skipped: 0, Time elapsed: 10.434 s <<< FAILURE! - in TestSuite
com.linkedin.testcases.TC_logintest.fail  Time elapsed: 0.011 s  <<< FAILURE!
java.lang.AssertionError: expected [2] but found [1]
	at com.linkedin.testcases.TC_logintest.fail(TC_logintest.java:35)

